d:\cg\lab\lab7\project1\project1\debug\vc142.pdb
d:\cg\lab\lab7\project1\project1\debug\vc142.idb
d:\cg\lab\lab7\project1\project1\debug\lab7.obj
d:\cg\lab\lab7\project1\project1\debug\mid.obj
d:\cg\lab\lab7\project1\project1\debug\lab6.obj
d:\cg\lab\lab7\project1\project1\debug\111598066_lab7.obj
d:\cg\lab\lab8\project1\project1\debug\vc142.pdb
d:\cg\lab\lab8\project1\project1\debug\vc142.idb
d:\cg\lab\lab8\project1\project1\debug\111598066_lab8.obj
d:\cg\lab\lab7\project1\debug\project1.exe
d:\cg\lab\lab7\project1\project1\debug\project1.ilk
d:\cg\lab\lab7\project1\debug\project1.pdb
d:\cg\lab\lab8\project1\debug\project1.exe
d:\cg\lab\lab8\project1\project1\debug\project1.ilk
d:\cg\lab\lab8\project1\debug\project1.pdb
d:\cg\lab\lab8\project1\project1\debug\111598066_lab7.obj
d:\cg\lab\lab8\project1\project1\debug\lab6.obj
d:\cg\lab\lab8\project1\project1\debug\lab7.obj
d:\cg\lab\lab8\project1\project1\debug\mid.obj
d:\cg\lab\lab8\project1\project1\debug\project1.tlog\cl.command.1.tlog
d:\cg\lab\lab8\project1\project1\debug\project1.tlog\cl.read.1.tlog
d:\cg\lab\lab8\project1\project1\debug\project1.tlog\cl.write.1.tlog
d:\cg\lab\lab8\project1\project1\debug\project1.tlog\link.command.1.tlog
d:\cg\lab\lab8\project1\project1\debug\project1.tlog\link.read.1.tlog
d:\cg\lab\lab8\project1\project1\debug\project1.tlog\link.write.1.tlog
